<?xml version="1.0" encoding="UTF-8"?>
<coverage generated="1707327168595" clover="3.2.0">
  <project timestamp="1707327168595" name="All files">
    <metrics statements="47" coveredstatements="47" conditionals="8" coveredconditionals="7" methods="27" coveredmethods="27" elements="82" coveredelements="81" complexity="0" loc="47" ncloc="47" packages="3" files="5" classes="5"/>
    <package name="src">
      <metrics statements="12" coveredstatements="12" conditionals="6" coveredconditionals="5" methods="6" coveredmethods="6"/>
      <file name="AppointmentsDayView.js" path="/home/pc/Desktop/temp-tdd-whatever/mastering-react-tdd/my-mastering-tdd/src/AppointmentsDayView.js">
        <metrics statements="10" coveredstatements="10" conditionals="4" coveredconditionals="4" methods="5" coveredmethods="5"/>
        <line num="3" count="1" type="stmt"/>
        <line num="4" count="42" type="stmt"/>
        <line num="7" count="42" type="stmt"/>
        <line num="10" count="1" type="stmt"/>
        <line num="17" count="24" type="stmt"/>
        <line num="51" count="1" type="stmt"/>
        <line num="57" count="12" type="stmt"/>
        <line num="59" count="12" type="stmt"/>
        <line num="63" count="18" type="stmt"/>
        <line num="72" count="2" type="stmt"/>
      </file>
      <file name="CustomerForm.js" path="/home/pc/Desktop/temp-tdd-whatever/mastering-react-tdd/my-mastering-tdd/src/CustomerForm.js">
        <metrics statements="2" coveredstatements="2" conditionals="2" coveredconditionals="1" methods="1" coveredmethods="1"/>
        <line num="2" count="1" type="stmt"/>
        <line num="3" count="6" type="stmt"/>
      </file>
    </package>
    <package name="test">
      <metrics statements="18" coveredstatements="18" conditionals="0" coveredconditionals="0" methods="13" coveredmethods="13"/>
      <file name="reactTestExtensions.js" path="/home/pc/Desktop/temp-tdd-whatever/mastering-react-tdd/my-mastering-tdd/test/reactTestExtensions.js">
        <metrics statements="18" coveredstatements="18" conditionals="0" coveredconditionals="0" methods="13" coveredmethods="13"/>
        <line num="6" count="2" type="stmt"/>
        <line num="7" count="31" type="stmt"/>
        <line num="8" count="31" type="stmt"/>
        <line num="11" count="2" type="stmt"/>
        <line num="12" count="31" type="stmt"/>
        <line num="13" count="31" type="stmt"/>
        <line num="16" count="2" type="stmt"/>
        <line num="17" count="2" type="stmt"/>
        <line num="19" count="2" type="stmt"/>
        <line num="20" count="28" type="stmt"/>
        <line num="22" count="2" type="stmt"/>
        <line num="23" count="8" type="stmt"/>
        <line num="25" count="2" type="stmt"/>
        <line num="26" count="2" type="stmt"/>
        <line num="28" count="2" type="stmt"/>
        <line num="29" count="2" type="stmt"/>
        <line num="31" count="4" type="stmt"/>
        <line num="33" count="3" type="stmt"/>
      </file>
    </package>
    <package name="test.matchers">
      <metrics statements="17" coveredstatements="17" conditionals="2" coveredconditionals="2" methods="8" coveredmethods="8"/>
      <file name="toContainText.js" path="/home/pc/Desktop/temp-tdd-whatever/mastering-react-tdd/my-mastering-tdd/test/matchers/toContainText.js">
        <metrics statements="9" coveredstatements="9" conditionals="0" coveredconditionals="0" methods="4" coveredmethods="4"/>
        <line num="7" count="4" type="stmt"/>
        <line num="12" count="22" type="stmt"/>
        <line num="14" count="22" type="stmt"/>
        <line num="15" count="3" type="stmt"/>
        <line num="22" count="22" type="stmt"/>
        <line num="23" count="3" type="stmt"/>
        <line num="26" count="22" type="stmt"/>
        <line num="27" count="3" type="stmt"/>
        <line num="29" count="22" type="stmt"/>
      </file>
      <file name="toHaveClass.js" path="/home/pc/Desktop/temp-tdd-whatever/mastering-react-tdd/my-mastering-tdd/test/matchers/toHaveClass.js">
        <metrics statements="8" coveredstatements="8" conditionals="2" coveredconditionals="2" methods="4" coveredmethods="4"/>
        <line num="3" count="4" type="stmt"/>
        <line num="4" count="8" type="stmt"/>
        <line num="6" count="8" type="stmt"/>
        <line num="7" count="4" type="stmt"/>
        <line num="11" count="8" type="stmt"/>
        <line num="12" count="4" type="cond" truecount="2" falsecount="0"/>
        <line num="16" count="8" type="stmt"/>
        <line num="18" count="8" type="stmt"/>
      </file>
    </package>
  </project>
</coverage>
