{"/home/pc/Desktop/temp-tdd-whatever/mastering-react-tdd/my-mastering-tdd/src/AppointmentsDayView.js": {"path":"/home/pc/Desktop/temp-tdd-whatever/mastering-react-tdd/my-mastering-tdd/src/AppointmentsDayView.js","statementMap":{"0":{"start":{"line":3,"column":29},"end":{"line":8,"column":1}},"1":{"start":{"line":4,"column":17},"end":{"line":6,"column":15}},"2":{"start":{"line":7,"column":2},"end":{"line":7,"column":21}},"3":{"start":{"line":10,"column":27},"end":{"line":49,"column":1}},"4":{"start":{"line":17,"column":2},"end":{"line":48,"column":8}},"5":{"start":{"line":51,"column":35},"end":{"line":94,"column":1}},"6":{"start":{"line":57,"column":6},"end":{"line":57,"column":17}},"7":{"start":{"line":59,"column":2},"end":{"line":93,"column":4}},"8":{"start":{"line":63,"column":10},"end":{"line":79,"column":15}},"9":{"start":{"line":72,"column":16},"end":{"line":72,"column":41}}},"fnMap":{"0":{"name":"(anonymous_0)","decl":{"start":{"line":3,"column":29},"end":{"line":3,"column":30}},"loc":{"start":{"line":3,"column":43},"end":{"line":8,"column":1}},"line":3},"1":{"name":"(anonymous_1)","decl":{"start":{"line":10,"column":27},"end":{"line":10,"column":28}},"loc":{"start":{"line":17,"column":2},"end":{"line":48,"column":8}},"line":17},"2":{"name":"(anonymous_2)","decl":{"start":{"line":51,"column":35},"end":{"line":51,"column":36}},"loc":{"start":{"line":53,"column":6},"end":{"line":94,"column":1}},"line":53},"3":{"name":"(anonymous_3)","decl":{"start":{"line":62,"column":26},"end":{"line":62,"column":27}},"loc":{"start":{"line":63,"column":10},"end":{"line":79,"column":15}},"line":63},"4":{"name":"(anonymous_4)","decl":{"start":{"line":71,"column":23},"end":{"line":71,"column":24}},"loc":{"start":{"line":72,"column":16},"end":{"line":72,"column":41}},"line":72}},"branchMap":{"0":{"loc":{"start":{"line":66,"column":16},"end":{"line":68,"column":22}},"type":"cond-expr","locations":[{"start":{"line":67,"column":20},"end":{"line":67,"column":29}},{"start":{"line":68,"column":20},"end":{"line":68,"column":22}}],"line":66},"1":{"loc":{"start":{"line":82,"column":7},"end":{"line":91,"column":7}},"type":"cond-expr","locations":[{"start":{"line":83,"column":8},"end":{"line":86,"column":12}},{"start":{"line":88,"column":8},"end":{"line":90,"column":10}}],"line":82}},"s":{"0":1,"1":42,"2":42,"3":1,"4":24,"5":1,"6":12,"7":12,"8":18,"9":2},"f":{"0":42,"1":24,"2":12,"3":18,"4":2},"b":{"0":[9,9],"1":[3,9]},"_coverageSchema":"1a1c01bbd47fc00a2c39e90264f33305004495a9","hash":"fd3647fd5bdb836fa2f5a0c3606a52fe88005915"}
,"/home/pc/Desktop/temp-tdd-whatever/mastering-react-tdd/my-mastering-tdd/src/CustomerForm.js": {"path":"/home/pc/Desktop/temp-tdd-whatever/mastering-react-tdd/my-mastering-tdd/src/CustomerForm.js","statementMap":{"0":{"start":{"line":2,"column":28},"end":{"line":13,"column":1}},"1":{"start":{"line":3,"column":4},"end":{"line":12,"column":11}}},"fnMap":{"0":{"name":"(anonymous_0)","decl":{"start":{"line":2,"column":28},"end":{"line":2,"column":29}},"loc":{"start":{"line":3,"column":4},"end":{"line":12,"column":11}},"line":3}},"branchMap":{"0":{"loc":{"start":{"line":9,"column":19},"end":{"line":9,"column":53}},"type":"cond-expr","locations":[{"start":{"line":9,"column":30},"end":{"line":9,"column":48}},{"start":{"line":9,"column":51},"end":{"line":9,"column":53}}],"line":9}},"s":{"0":1,"1":6},"f":{"0":6},"b":{"0":[6,0]},"_coverageSchema":"1a1c01bbd47fc00a2c39e90264f33305004495a9","hash":"3e68bec582e2c95132b85aeeebc5b5f1323748ba"}
,"/home/pc/Desktop/temp-tdd-whatever/mastering-react-tdd/my-mastering-tdd/test/reactTestExtensions.js": {"path":"/home/pc/Desktop/temp-tdd-whatever/mastering-react-tdd/my-mastering-tdd/test/reactTestExtensions.js","statementMap":{"0":{"start":{"line":6,"column":40},"end":{"line":9,"column":1}},"1":{"start":{"line":7,"column":2},"end":{"line":7,"column":44}},"2":{"start":{"line":8,"column":2},"end":{"line":8,"column":43}},"3":{"start":{"line":11,"column":22},"end":{"line":14,"column":3}},"4":{"start":{"line":12,"column":2},"end":{"line":14,"column":3}},"5":{"start":{"line":13,"column":4},"end":{"line":13,"column":52}},"6":{"start":{"line":16,"column":21},"end":{"line":17,"column":28}},"7":{"start":{"line":17,"column":2},"end":{"line":17,"column":28}},"8":{"start":{"line":17,"column":12},"end":{"line":17,"column":27}},"9":{"start":{"line":19,"column":23},"end":{"line":20,"column":34}},"10":{"start":{"line":20,"column":2},"end":{"line":20,"column":34}},"11":{"start":{"line":22,"column":24},"end":{"line":23,"column":49}},"12":{"start":{"line":23,"column":2},"end":{"line":23,"column":49}},"13":{"start":{"line":25,"column":23},"end":{"line":26,"column":41}},"14":{"start":{"line":26,"column":2},"end":{"line":26,"column":41}},"15":{"start":{"line":26,"column":28},"end":{"line":26,"column":40}},"16":{"start":{"line":28,"column":22},"end":{"line":29,"column":48}},"17":{"start":{"line":29,"column":2},"end":{"line":29,"column":48}},"18":{"start":{"line":29,"column":28},"end":{"line":29,"column":47}},"19":{"start":{"line":31,"column":20},"end":{"line":31,"column":43}},"20":{"start":{"line":31,"column":28},"end":{"line":31,"column":43}},"21":{"start":{"line":33,"column":21},"end":{"line":33,"column":62}},"22":{"start":{"line":33,"column":36},"end":{"line":33,"column":62}}},"fnMap":{"0":{"name":"(anonymous_0)","decl":{"start":{"line":6,"column":40},"end":{"line":6,"column":41}},"loc":{"start":{"line":6,"column":46},"end":{"line":9,"column":1}},"line":6},"1":{"name":"(anonymous_1)","decl":{"start":{"line":11,"column":22},"end":{"line":11,"column":23}},"loc":{"start":{"line":12,"column":2},"end":{"line":14,"column":3}},"line":12},"2":{"name":"(anonymous_2)","decl":{"start":{"line":12,"column":6},"end":{"line":12,"column":7}},"loc":{"start":{"line":13,"column":4},"end":{"line":13,"column":52}},"line":13},"3":{"name":"(anonymous_3)","decl":{"start":{"line":16,"column":21},"end":{"line":16,"column":22}},"loc":{"start":{"line":17,"column":2},"end":{"line":17,"column":28}},"line":17},"4":{"name":"(anonymous_4)","decl":{"start":{"line":17,"column":6},"end":{"line":17,"column":7}},"loc":{"start":{"line":17,"column":12},"end":{"line":17,"column":27}},"line":17},"5":{"name":"(anonymous_5)","decl":{"start":{"line":19,"column":23},"end":{"line":19,"column":24}},"loc":{"start":{"line":20,"column":2},"end":{"line":20,"column":34}},"line":20},"6":{"name":"(anonymous_6)","decl":{"start":{"line":22,"column":24},"end":{"line":22,"column":25}},"loc":{"start":{"line":23,"column":2},"end":{"line":23,"column":49}},"line":23},"7":{"name":"(anonymous_7)","decl":{"start":{"line":25,"column":23},"end":{"line":25,"column":24}},"loc":{"start":{"line":26,"column":2},"end":{"line":26,"column":41}},"line":26},"8":{"name":"(anonymous_8)","decl":{"start":{"line":26,"column":15},"end":{"line":26,"column":16}},"loc":{"start":{"line":26,"column":28},"end":{"line":26,"column":40}},"line":26},"9":{"name":"(anonymous_9)","decl":{"start":{"line":28,"column":22},"end":{"line":28,"column":23}},"loc":{"start":{"line":29,"column":2},"end":{"line":29,"column":48}},"line":29},"10":{"name":"(anonymous_10)","decl":{"start":{"line":29,"column":15},"end":{"line":29,"column":16}},"loc":{"start":{"line":29,"column":28},"end":{"line":29,"column":47}},"line":29},"11":{"name":"(anonymous_11)","decl":{"start":{"line":31,"column":20},"end":{"line":31,"column":21}},"loc":{"start":{"line":31,"column":28},"end":{"line":31,"column":43}},"line":31},"12":{"name":"(anonymous_12)","decl":{"start":{"line":33,"column":21},"end":{"line":33,"column":22}},"loc":{"start":{"line":33,"column":36},"end":{"line":33,"column":62}},"line":33}},"branchMap":{},"s":{"0":2,"1":31,"2":31,"3":2,"4":31,"5":31,"6":2,"7":2,"8":2,"9":2,"10":28,"11":2,"12":8,"13":2,"14":1,"15":2,"16":2,"17":1,"18":2,"19":2,"20":4,"21":2,"22":3},"f":{"0":31,"1":31,"2":31,"3":2,"4":2,"5":28,"6":8,"7":1,"8":2,"9":1,"10":2,"11":4,"12":3},"b":{},"_coverageSchema":"1a1c01bbd47fc00a2c39e90264f33305004495a9","hash":"2443b0959b2ee0b5c5fc71e7b93e6615ddd58a4d"}
,"/home/pc/Desktop/temp-tdd-whatever/mastering-react-tdd/my-mastering-tdd/test/matchers/toContainText.js": {"path":"/home/pc/Desktop/temp-tdd-whatever/mastering-react-tdd/my-mastering-tdd/test/matchers/toContainText.js","statementMap":{"0":{"start":{"line":7,"column":29},"end":{"line":30,"column":1}},"1":{"start":{"line":12,"column":4},"end":{"line":12,"column":47}},"2":{"start":{"line":14,"column":21},"end":{"line":20,"column":5}},"3":{"start":{"line":15,"column":4},"end":{"line":20,"column":5}},"4":{"start":{"line":22,"column":25},"end":{"line":24,"column":39}},"5":{"start":{"line":23,"column":4},"end":{"line":24,"column":39}},"6":{"start":{"line":26,"column":18},"end":{"line":27,"column":49}},"7":{"start":{"line":27,"column":4},"end":{"line":27,"column":49}},"8":{"start":{"line":29,"column":2},"end":{"line":29,"column":27}}},"fnMap":{"0":{"name":"(anonymous_0)","decl":{"start":{"line":7,"column":29},"end":{"line":7,"column":30}},"loc":{"start":{"line":10,"column":5},"end":{"line":30,"column":1}},"line":10},"1":{"name":"(anonymous_1)","decl":{"start":{"line":14,"column":21},"end":{"line":14,"column":22}},"loc":{"start":{"line":15,"column":4},"end":{"line":20,"column":5}},"line":15},"2":{"name":"(anonymous_2)","decl":{"start":{"line":22,"column":25},"end":{"line":22,"column":26}},"loc":{"start":{"line":23,"column":4},"end":{"line":24,"column":39}},"line":23},"3":{"name":"(anonymous_3)","decl":{"start":{"line":26,"column":18},"end":{"line":26,"column":19}},"loc":{"start":{"line":27,"column":4},"end":{"line":27,"column":49}},"line":27}},"branchMap":{},"s":{"0":4,"1":22,"2":22,"3":3,"4":22,"5":3,"6":22,"7":3,"8":22},"f":{"0":22,"1":3,"2":3,"3":3},"b":{},"_coverageSchema":"1a1c01bbd47fc00a2c39e90264f33305004495a9","hash":"a2b713cd8304fceb65556745e53abcab062c6382"}
,"/home/pc/Desktop/temp-tdd-whatever/mastering-react-tdd/my-mastering-tdd/test/matchers/toHaveClass.js": {"path":"/home/pc/Desktop/temp-tdd-whatever/mastering-react-tdd/my-mastering-tdd/test/matchers/toHaveClass.js","statementMap":{"0":{"start":{"line":3,"column":27},"end":{"line":19,"column":1}},"1":{"start":{"line":4,"column":15},"end":{"line":4,"column":57}},"2":{"start":{"line":6,"column":21},"end":{"line":9,"column":6}},"3":{"start":{"line":7,"column":4},"end":{"line":9,"column":6}},"4":{"start":{"line":11,"column":25},"end":{"line":14,"column":73}},"5":{"start":{"line":12,"column":4},"end":{"line":14,"column":73}},"6":{"start":{"line":16,"column":18},"end":{"line":16,"column":69}},"7":{"start":{"line":16,"column":24},"end":{"line":16,"column":69}},"8":{"start":{"line":18,"column":2},"end":{"line":18,"column":27}}},"fnMap":{"0":{"name":"(anonymous_0)","decl":{"start":{"line":3,"column":27},"end":{"line":3,"column":28}},"loc":{"start":{"line":3,"column":56},"end":{"line":19,"column":1}},"line":3},"1":{"name":"(anonymous_1)","decl":{"start":{"line":6,"column":21},"end":{"line":6,"column":22}},"loc":{"start":{"line":7,"column":4},"end":{"line":9,"column":6}},"line":7},"2":{"name":"(anonymous_2)","decl":{"start":{"line":11,"column":25},"end":{"line":11,"column":26}},"loc":{"start":{"line":12,"column":4},"end":{"line":14,"column":73}},"line":12},"3":{"name":"(anonymous_3)","decl":{"start":{"line":16,"column":18},"end":{"line":16,"column":19}},"loc":{"start":{"line":16,"column":24},"end":{"line":16,"column":69}},"line":16}},"branchMap":{"0":{"loc":{"start":{"line":12,"column":4},"end":{"line":14,"column":73}},"type":"cond-expr","locations":[{"start":{"line":13,"column":8},"end":{"line":13,"column":46}},{"start":{"line":14,"column":8},"end":{"line":14,"column":73}}],"line":12}},"s":{"0":4,"1":8,"2":8,"3":4,"4":8,"5":4,"6":8,"7":4,"8":8},"f":{"0":8,"1":4,"2":4,"3":4},"b":{"0":[2,2]},"_coverageSchema":"1a1c01bbd47fc00a2c39e90264f33305004495a9","hash":"ce6595bf5c2ac5b5231e6da6017bec1aa19e1c07"}
}
