TN:
SF:src/AppointmentsDayView.js
FN:3,(anonymous_0)
FN:10,(anonymous_1)
FN:51,(anonymous_2)
FN:62,(anonymous_3)
FN:71,(anonymous_4)
FNF:5
FNH:5
FNDA:42,(anonymous_0)
FNDA:24,(anonymous_1)
FNDA:12,(anonymous_2)
FNDA:18,(anonymous_3)
FNDA:2,(anonymous_4)
DA:3,1
DA:4,42
DA:7,42
DA:10,1
DA:17,24
DA:51,1
DA:57,12
DA:59,12
DA:63,18
DA:72,2
LF:10
LH:10
BRDA:66,0,0,9
BRDA:66,0,1,9
BRDA:82,1,0,3
BRDA:82,1,1,9
BRF:4
BRH:4
end_of_record
TN:
SF:src/CustomerForm.js
FN:2,(anonymous_0)
FNF:1
FNH:1
FNDA:6,(anonymous_0)
DA:2,1
DA:3,6
LF:2
LH:2
BRDA:9,0,0,6
BRDA:9,0,1,0
BRF:2
BRH:1
end_of_record
TN:
SF:test/reactTestExtensions.js
FN:6,(anonymous_0)
FN:11,(anonymous_1)
FN:12,(anonymous_2)
FN:16,(anonymous_3)
FN:17,(anonymous_4)
FN:19,(anonymous_5)
FN:22,(anonymous_6)
FN:25,(anonymous_7)
FN:26,(anonymous_8)
FN:28,(anonymous_9)
FN:29,(anonymous_10)
FN:31,(anonymous_11)
FN:33,(anonymous_12)
FNF:13
FNH:13
FNDA:31,(anonymous_0)
FNDA:31,(anonymous_1)
FNDA:31,(anonymous_2)
FNDA:2,(anonymous_3)
FNDA:2,(anonymous_4)
FNDA:28,(anonymous_5)
FNDA:8,(anonymous_6)
FNDA:1,(anonymous_7)
FNDA:2,(anonymous_8)
FNDA:1,(anonymous_9)
FNDA:2,(anonymous_10)
FNDA:4,(anonymous_11)
FNDA:3,(anonymous_12)
DA:6,2
DA:7,31
DA:8,31
DA:11,2
DA:12,31
DA:13,31
DA:16,2
DA:17,2
DA:19,2
DA:20,28
DA:22,2
DA:23,8
DA:25,2
DA:26,2
DA:28,2
DA:29,2
DA:31,4
DA:33,3
LF:18
LH:18
BRF:0
BRH:0
end_of_record
TN:
SF:test/matchers/toContainText.js
FN:7,(anonymous_0)
FN:14,(anonymous_1)
FN:22,(anonymous_2)
FN:26,(anonymous_3)
FNF:4
FNH:4
FNDA:22,(anonymous_0)
FNDA:3,(anonymous_1)
FNDA:3,(anonymous_2)
FNDA:3,(anonymous_3)
DA:7,4
DA:12,22
DA:14,22
DA:15,3
DA:22,22
DA:23,3
DA:26,22
DA:27,3
DA:29,22
LF:9
LH:9
BRF:0
BRH:0
end_of_record
TN:
SF:test/matchers/toHaveClass.js
FN:3,(anonymous_0)
FN:6,(anonymous_1)
FN:11,(anonymous_2)
FN:16,(anonymous_3)
FNF:4
FNH:4
FNDA:8,(anonymous_0)
FNDA:4,(anonymous_1)
FNDA:4,(anonymous_2)
FNDA:4,(anonymous_3)
DA:3,4
DA:4,8
DA:6,8
DA:7,4
DA:11,8
DA:12,4
DA:16,8
DA:18,8
LF:8
LH:8
BRDA:12,0,0,2
BRDA:12,0,1,2
BRF:2
BRH:2
end_of_record
